<?xml version="1.0" encoding="UTF-8"?>
<!-- Generated by org.testng.reporters.JUnitXMLReporter -->
<testsuite ignored="0" hostname="Gazal" failures="0" tests="3" name="Default test" time="11.869" errors="0" timestamp="2023-01-23T17:32:42 EST">
  <testcase classname="com.qa.ninjatutorials.testcases.SearchTest" name="verifySearchValidProduct" time="0.69"/>
  <testcase classname="com.qa.ninjatutorials.testcases.SearchTest" name="verifySearchInvalidProduct" time="0.443"/>
  <testcase classname="com.qa.ninjatutorials.testcases.SearchTest" name="verifySearchNoProduct" time="0.38"/>
</testsuite> <!-- Default test -->
