<?xml version="1.0" encoding="UTF-8"?>
<testng-results ignored="0" total="11" passed="11" failed="0" skipped="0">
  <reporter-output>
  </reporter-output>
  <suite started-at="2023-01-23T17:33:21 EST" name="NinjaTutorialsSuite" finished-at="2023-01-23T17:34:08 EST" duration-ms="47563">
    <groups>
    </groups>
    <test started-at="2023-01-23T17:33:21 EST" name="NinjaTest" finished-at="2023-01-23T17:34:08 EST" duration-ms="47563">
      <class name="com.qa.ninjatutorials.testcases.SearchTest">
        <test-method is-config="true" signature="setUp()[pri:0, instance:com.qa.ninjatutorials.testcases.SearchTest@302c971f]" started-at="2023-01-23T17:33:57 EST" name="setUp" finished-at="2023-01-23T17:34:00 EST" duration-ms="3076" status="PASS">
          <reporter-output>
          </reporter-output>
        </test-method> <!-- setUp -->
        <test-method signature="verifySearchValidProduct()[pri:1, instance:com.qa.ninjatutorials.testcases.SearchTest@302c971f]" started-at="2023-01-23T17:34:00 EST" name="verifySearchValidProduct" finished-at="2023-01-23T17:34:01 EST" duration-ms="662" status="PASS">
          <reporter-output>
          </reporter-output>
        </test-method> <!-- verifySearchValidProduct -->
        <test-method is-config="true" signature="tearDown()[pri:0, instance:com.qa.ninjatutorials.testcases.SearchTest@302c971f]" started-at="2023-01-23T17:34:01 EST" name="tearDown" finished-at="2023-01-23T17:34:01 EST" duration-ms="115" status="PASS">
          <reporter-output>
          </reporter-output>
        </test-method> <!-- tearDown -->
        <test-method is-config="true" signature="setUp()[pri:0, instance:com.qa.ninjatutorials.testcases.SearchTest@302c971f]" started-at="2023-01-23T17:34:01 EST" name="setUp" finished-at="2023-01-23T17:34:04 EST" duration-ms="3068" status="PASS">
          <reporter-output>
          </reporter-output>
        </test-method> <!-- setUp -->
        <test-method signature="verifySearchInvalidProduct()[pri:2, instance:com.qa.ninjatutorials.testcases.SearchTest@302c971f]" started-at="2023-01-23T17:34:04 EST" name="verifySearchInvalidProduct" finished-at="2023-01-23T17:34:04 EST" duration-ms="441" status="PASS">
          <reporter-output>
          </reporter-output>
        </test-method> <!-- verifySearchInvalidProduct -->
        <test-method is-config="true" signature="tearDown()[pri:0, instance:com.qa.ninjatutorials.testcases.SearchTest@302c971f]" started-at="2023-01-23T17:34:04 EST" name="tearDown" finished-at="2023-01-23T17:34:04 EST" duration-ms="122" status="PASS">
          <reporter-output>
          </reporter-output>
        </test-method> <!-- tearDown -->
        <test-method is-config="true" signature="setUp()[pri:0, instance:com.qa.ninjatutorials.testcases.SearchTest@302c971f]" started-at="2023-01-23T17:34:04 EST" name="setUp" finished-at="2023-01-23T17:34:08 EST" duration-ms="3171" status="PASS">
          <reporter-output>
          </reporter-output>
        </test-method> <!-- setUp -->
        <test-method signature="verifySearchNoProduct()[pri:3, instance:com.qa.ninjatutorials.testcases.SearchTest@302c971f]" started-at="2023-01-23T17:34:08 EST" name="verifySearchNoProduct" finished-at="2023-01-23T17:34:08 EST" duration-ms="395" status="PASS">
          <reporter-output>
          </reporter-output>
        </test-method> <!-- verifySearchNoProduct -->
        <test-method is-config="true" signature="tearDown()[pri:0, instance:com.qa.ninjatutorials.testcases.SearchTest@302c971f]" started-at="2023-01-23T17:34:08 EST" name="tearDown" finished-at="2023-01-23T17:34:08 EST" duration-ms="147" status="PASS">
          <reporter-output>
          </reporter-output>
        </test-method> <!-- tearDown -->
      </class> <!-- com.qa.ninjatutorials.testcases.SearchTest -->
      <class name="com.qa.ninjatutorials.testcases.LoginTest">
        <test-method is-config="true" signature="setUp()[pri:0, instance:com.qa.ninjatutorials.testcases.LoginTest@305ffe9e]" started-at="2023-01-23T17:33:36 EST" name="setUp" finished-at="2023-01-23T17:33:39 EST" duration-ms="3217" status="PASS">
          <reporter-output>
          </reporter-output>
        </test-method> <!-- setUp -->
        <test-method signature="loginWithInvalidCredentials()[pri:1, instance:com.qa.ninjatutorials.testcases.LoginTest@305ffe9e]" started-at="2023-01-23T17:33:39 EST" name="loginWithInvalidCredentials" finished-at="2023-01-23T17:33:40 EST" duration-ms="594" status="PASS">
          <reporter-output>
          </reporter-output>
        </test-method> <!-- loginWithInvalidCredentials -->
        <test-method is-config="true" signature="tearDown()[pri:0, instance:com.qa.ninjatutorials.testcases.LoginTest@305ffe9e]" started-at="2023-01-23T17:33:40 EST" name="tearDown" finished-at="2023-01-23T17:33:40 EST" duration-ms="133" status="PASS">
          <reporter-output>
          </reporter-output>
        </test-method> <!-- tearDown -->
        <test-method is-config="true" signature="setUp()[pri:0, instance:com.qa.ninjatutorials.testcases.LoginTest@305ffe9e]" started-at="2023-01-23T17:33:40 EST" name="setUp" finished-at="2023-01-23T17:33:43 EST" duration-ms="3459" status="PASS">
          <reporter-output>
          </reporter-output>
        </test-method> <!-- setUp -->
        <test-method signature="loginWithValidCredentials()[pri:1, instance:com.qa.ninjatutorials.testcases.LoginTest@305ffe9e]" started-at="2023-01-23T17:33:43 EST" name="loginWithValidCredentials" finished-at="2023-01-23T17:33:44 EST" duration-ms="820" status="PASS">
          <reporter-output>
          </reporter-output>
        </test-method> <!-- loginWithValidCredentials -->
        <test-method is-config="true" signature="tearDown()[pri:0, instance:com.qa.ninjatutorials.testcases.LoginTest@305ffe9e]" started-at="2023-01-23T17:33:44 EST" name="tearDown" finished-at="2023-01-23T17:33:44 EST" duration-ms="123" status="PASS">
          <reporter-output>
          </reporter-output>
        </test-method> <!-- tearDown -->
        <test-method is-config="true" signature="setUp()[pri:0, instance:com.qa.ninjatutorials.testcases.LoginTest@305ffe9e]" started-at="2023-01-23T17:33:44 EST" name="setUp" finished-at="2023-01-23T17:33:48 EST" duration-ms="3504" status="PASS">
          <reporter-output>
          </reporter-output>
        </test-method> <!-- setUp -->
        <test-method signature="loginWithInvalidEmailIdValidPassword()[pri:3, instance:com.qa.ninjatutorials.testcases.LoginTest@305ffe9e]" started-at="2023-01-23T17:33:48 EST" name="loginWithInvalidEmailIdValidPassword" finished-at="2023-01-23T17:33:49 EST" duration-ms="599" status="PASS">
          <reporter-output>
          </reporter-output>
        </test-method> <!-- loginWithInvalidEmailIdValidPassword -->
        <test-method is-config="true" signature="tearDown()[pri:0, instance:com.qa.ninjatutorials.testcases.LoginTest@305ffe9e]" started-at="2023-01-23T17:33:49 EST" name="tearDown" finished-at="2023-01-23T17:33:49 EST" duration-ms="121" status="PASS">
          <reporter-output>
          </reporter-output>
        </test-method> <!-- tearDown -->
        <test-method is-config="true" signature="setUp()[pri:0, instance:com.qa.ninjatutorials.testcases.LoginTest@305ffe9e]" started-at="2023-01-23T17:33:49 EST" name="setUp" finished-at="2023-01-23T17:33:52 EST" duration-ms="3436" status="PASS">
          <reporter-output>
          </reporter-output>
        </test-method> <!-- setUp -->
        <test-method signature="loginWithValidEmailIdInvalidPassword()[pri:4, instance:com.qa.ninjatutorials.testcases.LoginTest@305ffe9e]" started-at="2023-01-23T17:33:52 EST" name="loginWithValidEmailIdInvalidPassword" finished-at="2023-01-23T17:33:53 EST" duration-ms="554" status="PASS">
          <reporter-output>
          </reporter-output>
        </test-method> <!-- loginWithValidEmailIdInvalidPassword -->
        <test-method is-config="true" signature="tearDown()[pri:0, instance:com.qa.ninjatutorials.testcases.LoginTest@305ffe9e]" started-at="2023-01-23T17:33:53 EST" name="tearDown" finished-at="2023-01-23T17:33:53 EST" duration-ms="134" status="PASS">
          <reporter-output>
          </reporter-output>
        </test-method> <!-- tearDown -->
        <test-method is-config="true" signature="setUp()[pri:0, instance:com.qa.ninjatutorials.testcases.LoginTest@305ffe9e]" started-at="2023-01-23T17:33:53 EST" name="setUp" finished-at="2023-01-23T17:33:56 EST" duration-ms="3530" status="PASS">
          <reporter-output>
          </reporter-output>
        </test-method> <!-- setUp -->
        <test-method signature="loginWithNoCredentials()[pri:5, instance:com.qa.ninjatutorials.testcases.LoginTest@305ffe9e]" started-at="2023-01-23T17:33:56 EST" name="loginWithNoCredentials" finished-at="2023-01-23T17:33:57 EST" duration-ms="513" status="PASS">
          <reporter-output>
          </reporter-output>
        </test-method> <!-- loginWithNoCredentials -->
        <test-method is-config="true" signature="tearDown()[pri:0, instance:com.qa.ninjatutorials.testcases.LoginTest@305ffe9e]" started-at="2023-01-23T17:33:57 EST" name="tearDown" finished-at="2023-01-23T17:33:57 EST" duration-ms="130" status="PASS">
          <reporter-output>
          </reporter-output>
        </test-method> <!-- tearDown -->
      </class> <!-- com.qa.ninjatutorials.testcases.LoginTest -->
      <class name="com.qa.ninjatutorials.testcases.RegisterTest">
        <test-method is-config="true" signature="setUp()[pri:0, instance:com.qa.ninjatutorials.testcases.RegisterTest@3f191845]" started-at="2023-01-23T17:33:21 EST" name="setUp" finished-at="2023-01-23T17:33:25 EST" duration-ms="4809" status="PASS">
          <reporter-output>
          </reporter-output>
        </test-method> <!-- setUp -->
        <test-method signature="verifyRegistrationWithMandatoryFields()[pri:1, instance:com.qa.ninjatutorials.testcases.RegisterTest@3f191845]" started-at="2023-01-23T17:33:25 EST" name="verifyRegistrationWithMandatoryFields" finished-at="2023-01-23T17:33:26 EST" duration-ms="1102" status="PASS">
          <reporter-output>
          </reporter-output>
        </test-method> <!-- verifyRegistrationWithMandatoryFields -->
        <test-method is-config="true" signature="tearDown()[pri:0, instance:com.qa.ninjatutorials.testcases.RegisterTest@3f191845]" started-at="2023-01-23T17:33:26 EST" name="tearDown" finished-at="2023-01-23T17:33:27 EST" duration-ms="119" status="PASS">
          <reporter-output>
          </reporter-output>
        </test-method> <!-- tearDown -->
        <test-method is-config="true" signature="setUp()[pri:0, instance:com.qa.ninjatutorials.testcases.RegisterTest@3f191845]" started-at="2023-01-23T17:33:27 EST" name="setUp" finished-at="2023-01-23T17:33:30 EST" duration-ms="3694" status="PASS">
          <reporter-output>
          </reporter-output>
        </test-method> <!-- setUp -->
        <test-method signature="verifyRegistrationWithAllFields()[pri:2, instance:com.qa.ninjatutorials.testcases.RegisterTest@3f191845]" started-at="2023-01-23T17:33:30 EST" name="verifyRegistrationWithAllFields" finished-at="2023-01-23T17:33:31 EST" duration-ms="1104" status="PASS">
          <reporter-output>
          </reporter-output>
        </test-method> <!-- verifyRegistrationWithAllFields -->
        <test-method is-config="true" signature="tearDown()[pri:0, instance:com.qa.ninjatutorials.testcases.RegisterTest@3f191845]" started-at="2023-01-23T17:33:31 EST" name="tearDown" finished-at="2023-01-23T17:33:32 EST" duration-ms="134" status="PASS">
          <reporter-output>
          </reporter-output>
        </test-method> <!-- tearDown -->
        <test-method is-config="true" signature="setUp()[pri:0, instance:com.qa.ninjatutorials.testcases.RegisterTest@3f191845]" started-at="2023-01-23T17:33:32 EST" name="setUp" finished-at="2023-01-23T17:33:35 EST" duration-ms="3925" status="PASS">
          <reporter-output>
          </reporter-output>
        </test-method> <!-- setUp -->
        <test-method signature="verifyRegistrationWithNoDetails()[pri:3, instance:com.qa.ninjatutorials.testcases.RegisterTest@3f191845]" started-at="2023-01-23T17:33:35 EST" name="verifyRegistrationWithNoDetails" finished-at="2023-01-23T17:33:36 EST" duration-ms="472" status="PASS">
          <reporter-output>
          </reporter-output>
        </test-method> <!-- verifyRegistrationWithNoDetails -->
        <test-method is-config="true" signature="tearDown()[pri:0, instance:com.qa.ninjatutorials.testcases.RegisterTest@3f191845]" started-at="2023-01-23T17:33:36 EST" name="tearDown" finished-at="2023-01-23T17:33:36 EST" duration-ms="113" status="PASS">
          <reporter-output>
          </reporter-output>
        </test-method> <!-- tearDown -->
      </class> <!-- com.qa.ninjatutorials.testcases.RegisterTest -->
    </test> <!-- NinjaTest -->
  </suite> <!-- NinjaTutorialsSuite -->
</testng-results>
