<?xml version="1.0" encoding="UTF-8"?>
<!-- Generated by org.testng.reporters.JUnitXMLReporter -->
<testsuite ignored="0" hostname="Gazal" failures="0" tests="11" name="NinjaTest" time="47.563" errors="0" timestamp="2023-01-23T17:34:08 EST">
  <testcase classname="com.qa.ninjatutorials.testcases.RegisterTest" name="verifyRegistrationWithMandatoryFields" time="1.102"/>
  <testcase classname="com.qa.ninjatutorials.testcases.RegisterTest" name="verifyRegistrationWithAllFields" time="1.104"/>
  <testcase classname="com.qa.ninjatutorials.testcases.RegisterTest" name="verifyRegistrationWithNoDetails" time="0.472"/>
  <testcase classname="com.qa.ninjatutorials.testcases.LoginTest" name="loginWithInvalidCredentials" time="0.594"/>
  <testcase classname="com.qa.ninjatutorials.testcases.LoginTest" name="loginWithValidCredentials" time="0.82"/>
  <testcase classname="com.qa.ninjatutorials.testcases.LoginTest" name="loginWithInvalidEmailIdValidPassword" time="0.599"/>
  <testcase classname="com.qa.ninjatutorials.testcases.LoginTest" name="loginWithValidEmailIdInvalidPassword" time="0.554"/>
  <testcase classname="com.qa.ninjatutorials.testcases.LoginTest" name="loginWithNoCredentials" time="0.513"/>
  <testcase classname="com.qa.ninjatutorials.testcases.SearchTest" name="verifySearchValidProduct" time="0.662"/>
  <testcase classname="com.qa.ninjatutorials.testcases.SearchTest" name="verifySearchInvalidProduct" time="0.441"/>
  <testcase classname="com.qa.ninjatutorials.testcases.SearchTest" name="verifySearchNoProduct" time="0.395"/>
</testsuite> <!-- NinjaTest -->
